0 info it worked if it ends with ok
1 verbose cli [ 'node', '/usr/local/bin/npm', 'view', 'yofs' ]
2 info using npm@2.5.1
3 info using node@v0.12.0
4 silly mapToRegistry name yofs
5 silly mapToRegistry using default registry
6 silly mapToRegistry registry https://registry.npmjs.org/
7 silly mapToRegistry uri https://registry.npmjs.org/yofs
8 verbose request uri https://registry.npmjs.org/yofs
9 verbose request no auth needed
10 info attempt registry request try #1 at 11:19:22 PM
11 verbose request id 6f7cdde3d80a3c60
12 http request GET https://registry.npmjs.org/yofs
13 http 404 https://registry.npmjs.org/yofs
14 verbose headers { date: 'Sun, 01 Mar 2015 22:19:23 GMT',
14 verbose headers   server: 'CouchDB/1.5.0 (Erlang OTP/R16B03)',
14 verbose headers   etag: '"CLV7QM8PZV0CLUDE5T9GBOOLU"',
14 verbose headers   'content-type': 'application/json',
14 verbose headers   'cache-control': 'max-age=0',
14 verbose headers   'content-length': '910',
14 verbose headers   'accept-ranges': 'bytes',
14 verbose headers   via: '1.1 varnish',
14 verbose headers   'x-served-by': 'cache-fra1225-FRA',
14 verbose headers   'x-cache': 'MISS',
14 verbose headers   'x-cache-hits': '0',
14 verbose headers   'x-timer': 'S1425248362.991941,VS0,VE423',
14 verbose headers   vary: 'Accept',
14 verbose headers   'keep-alive': 'timeout=10, max=50',
14 verbose headers   connection: 'Keep-Alive' }
15 silly get cb [ 404,
15 silly get   { date: 'Sun, 01 Mar 2015 22:19:23 GMT',
15 silly get     server: 'CouchDB/1.5.0 (Erlang OTP/R16B03)',
15 silly get     etag: '"CLV7QM8PZV0CLUDE5T9GBOOLU"',
15 silly get     'content-type': 'application/json',
15 silly get     'cache-control': 'max-age=0',
15 silly get     'content-length': '910',
15 silly get     'accept-ranges': 'bytes',
15 silly get     via: '1.1 varnish',
15 silly get     'x-served-by': 'cache-fra1225-FRA',
15 silly get     'x-cache': 'MISS',
15 silly get     'x-cache-hits': '0',
15 silly get     'x-timer': 'S1425248362.991941,VS0,VE423',
15 silly get     vary: 'Accept',
15 silly get     'keep-alive': 'timeout=10, max=50',
15 silly get     connection: 'Keep-Alive' } ]
16 verbose stack Error: Registry returned 404 for GET on https://registry.npmjs.org/yofs
16 verbose stack     at CachingRegistryClient.<anonymous> (/usr/local/lib/node_modules/npm/node_modules/npm-registry-client/lib/request.js:244:14)
16 verbose stack     at Request._callback (/usr/local/lib/node_modules/npm/node_modules/npm-registry-client/lib/request.js:178:14)
16 verbose stack     at Request.self.callback (/usr/local/lib/node_modules/npm/node_modules/request/request.js:344:22)
16 verbose stack     at Request.emit (events.js:110:17)
16 verbose stack     at Request.<anonymous> (/usr/local/lib/node_modules/npm/node_modules/request/request.js:1239:14)
16 verbose stack     at Request.emit (events.js:129:20)
16 verbose stack     at IncomingMessage.<anonymous> (/usr/local/lib/node_modules/npm/node_modules/request/request.js:1187:12)
16 verbose stack     at IncomingMessage.emit (events.js:129:20)
16 verbose stack     at _stream_readable.js:908:16
16 verbose stack     at process._tickCallback (node.js:355:11)
17 verbose statusCode 404
18 verbose pkgid yofs
19 verbose cwd /Users/tabone/Documents/Development/yofs
20 error Darwin 13.4.0
21 error argv "node" "/usr/local/bin/npm" "view" "yofs"
22 error node v0.12.0
23 error npm  v2.5.1
24 error code E404
25 error 404 Registry returned 404 for GET on https://registry.npmjs.org/yofs
25 error 404
25 error 404 'yofs' is not in the npm registry.
25 error 404 You should bug the author to publish it (or use the name yourself!)
25 error 404
25 error 404 Note that you can also install from a
25 error 404 tarball, folder, http url, or git url.
26 verbose exit [ 1, true ]
